Mersenne Twister Distribution Test
==================================
Total trials: 10000

Distribution (index: count):
Index 0: 98
Index 1: 87
Index 2: 115
Index 3: 111
Index 4: 117
Index 5: 88
Index 6: 93
Index 7: 109
Index 8: 124
Index 9: 92
Index 10: 87
Index 11: 105
Index 12: 105
Index 13: 113
Index 14: 96
Index 15: 86
Index 16: 103
Index 17: 100
Index 18: 95
Index 19: 88
Index 20: 115
Index 21: 112
Index 22: 99
Index 23: 96
Index 24: 91
Index 25: 88
Index 26: 92
Index 27: 126
Index 28: 107
Index 29: 86
Index 30: 95
Index 31: 91
Index 32: 89
Index 33: 99
Index 34: 101
Index 35: 108
Index 36: 111
Index 37: 100
Index 38: 80
Index 39: 89
Index 40: 100
Index 41: 101
Index 42: 90
Index 43: 107
Index 44: 98
Index 45: 107
Index 46: 104
Index 47: 113
Index 48: 104
Index 49: 86
Index 50: 118
Index 51: 99
Index 52: 112
Index 53: 86
Index 54: 101
Index 55: 89
Index 56: 92
Index 57: 107
Index 58: 118
Index 59: 106
Index 60: 96
Index 61: 88
Index 62: 117
Index 63: 109
Index 64: 99
Index 65: 90
Index 66: 104
Index 67: 87
Index 68: 108
Index 69: 93
Index 70: 91
Index 71: 116
Index 72: 108
Index 73: 114
Index 74: 82
Index 75: 112
Index 76: 86
Index 77: 94
Index 78: 95
Index 79: 104
Index 80: 89
Index 81: 118
Index 82: 103
Index 83: 80
Index 84: 96
Index 85: 92
Index 86: 101
Index 87: 93
Index 88: 87
Index 89: 114
Index 90: 104
Index 91: 85
Index 92: 103
Index 93: 101
Index 94: 119
Index 95: 104
Index 96: 94
Index 97: 104
Index 98: 95
Index 99: 100

Statistics:
Total: 10000
Expected per bucket: 100
Min count: 80
Max count: 126
Range: 46
